2024-06-11 23:56:26,040 - INFO - Initializing model ...
2024-06-11 23:56:30,666 - INFO - Initializing model finished in 4625.78ms.
2024-06-11 23:56:30,666 - INFO - Generating image from text prompt ...
2024-06-11 23:56:34,243 - INFO - Generating image from text prompt finished in 3576.70ms.
2024-06-11 23:56:34,243 - INFO - Processing image...
2024-06-11 23:56:35,306 - INFO - Image processed.
2024-06-11 23:56:35,307 - INFO - Running model...
2024-06-11 23:56:35,557 - INFO - Model finished.
2024-06-11 23:56:35,557 - INFO - Extracting mesh...
2024-06-11 23:56:37,213 - INFO - Mesh extracted.
2024-06-11 23:56:37,213 - INFO - Baking texture...
2024-06-12 00:00:00,728 - INFO - Initializing model ...
2024-06-12 00:00:08,141 - INFO - Initializing model finished in 7413.11ms.
2024-06-12 00:00:08,142 - INFO - Generating image from text prompt ...
2024-06-12 00:00:13,401 - INFO - Generating image from text prompt finished in 5259.22ms.
2024-06-12 00:00:13,401 - INFO - Processing image...
2024-06-12 00:00:15,025 - INFO - Image processed.
2024-06-12 00:00:15,025 - INFO - Running model...
2024-06-12 00:00:15,285 - INFO - Model finished.
2024-06-12 00:00:15,285 - INFO - Extracting mesh...
2024-06-12 00:00:17,947 - INFO - Mesh extracted.
2024-06-12 00:00:17,947 - INFO - Exporting mesh...
2024-06-12 00:00:18,265 - INFO - Mesh exported.
2024-06-12 00:00:18,265 - INFO - Process completed.
